2025-06-18 13:23:27.577 wdl.w:main.t:call-pdf_report NOTICE task start :: name: "pdf_report", source: "./tasks/pdf_report.wdl", line: 3, column: 1, dir: "/Users/yuhan/Desktop/PD data/git IMCM/ML_workflow/Final_WF/Last Version/proteomics-ML-workflow/20250618_132246_main/call-pdf_report", thread: 6130118656
2025-06-18 13:23:27.591 wdl.w:main.t:call-pdf_report INFO input :: name: "cpu", value: 16
2025-06-18 13:23:27.592 wdl.w:main.t:call-pdf_report INFO input :: name: "memory_gb", value: 24
2025-06-18 13:23:27.592 wdl.w:main.t:call-pdf_report INFO input :: name: "docker", value: "ghcr.io/anand-imcm/proteomics-ml-workflow-gen:1.0.2"
2025-06-18 13:23:27.592 wdl.w:main.t:call-pdf_report INFO input :: name: "output_prefix", value: "example"
2025-06-18 13:23:27.592 wdl.w:main.t:call-pdf_report INFO input :: name: "summary_set", value: ["/mnt/miniwdl_task_container/work/_miniwdl_inputs/0/example_results.tar.gz", "/mnt/miniwdl_task_container/work/_miniwdl_inputs/0/example_pro_net_results.tar.gz"]
2025-06-18 13:23:27.592 wdl.w:main.t:call-pdf_report INFO eval :: name: "all_data", value: ["/mnt/miniwdl_task_container/work/_miniwdl_inputs/0/example_results.tar.gz", "/mnt/miniwdl_task_container/work/_miniwdl_inputs/0/example_pro_net_results.tar.gz"]
2025-06-18 13:23:27.592 wdl.w:main.t:call-pdf_report INFO eval :: name: "disk_size_gb", value: 3
2025-06-18 13:23:27.593 wdl.w:main.t:call-pdf_report WARNING runtime.cpu adjusted to host limit :: original: 16, adjusted: 14
2025-06-18 13:23:27.593 wdl.w:main.t:call-pdf_report WARNING runtime.memory adjusted to host limit :: original: 24000000000, adjusted: 8217473024
2025-06-18 13:23:27.593 wdl.w:main.t:call-pdf_report INFO effective runtime :: docker: "ghcr.io/anand-imcm/proteomics-ml-workflow-gen:1.0.2", cpu: 14, memory_reservation: 8217473024
2025-06-18 13:23:27.593 wdl.w:main.t:call-pdf_report WARNING ignored runtime settings :: keys: ["disks"]
2025-06-18 13:23:27.620 wdl.w:main.t:call-pdf_report NOTICE docker image :: tag: "ghcr.io/anand-imcm/proteomics-ml-workflow-gen:1.0.2", id: "sha256:cfb7f7b0dbf6f8d1e30f58568da07108a394345dda5dc55802333b1b0478e52e", RepoDigest: "ghcr.io/anand-imcm/proteomics-ml-workflow-gen@sha256:cfb7f7b0dbf6f8d1e30f58568da07108a394345dda5dc55802333b1b0478e52e"
2025-06-18 13:23:29.542 wdl.w:main.t:call-pdf_report NOTICE docker task running :: service: "3t7oxjyoofuq", task: "s0kqyhriif", node: "npwwvuk1gz", message: "started"
2025-06-18 13:24:07.313 wdl.w:main.t:call-pdf_report INFO docker task complete :: service: "3t7oxjyoofuq", task: "s0kqyhriif", node: "npwwvuk1gz", desired: "shutdown", message: "finished"
2025-06-18 13:24:07.314 wdl.w:main.t:call-pdf_report NOTICE docker task exit :: state: "complete", exit_code: 0
2025-06-18 13:24:07.315 wdl.w:main.t:call-pdf_report.stderr VERBOSE tar: *.xlsx: Warning: Cannot stat: No such file or directory
2025-06-18 13:24:07.543 wdl.w:main.t:call-pdf_report INFO output :: name: "out", value: "model_reports.pdf"
2025-06-18 13:24:07.544 wdl.w:main.t:call-pdf_report INFO output :: name: "results", value: "example_results.tar.gz"
2025-06-18 13:24:07.555 wdl.w:main.t:call-pdf_report NOTICE done
